<?xml version="1.0" encoding="UTF-8"?>
<robot generator="Robot 6.1.1 (Python 3.11.4 on win32)" generated="20230803 22:07:11.500" rpa="false" schemaversion="4">
<suite id="s1" name="Implicitwait" source="C:\nancyProject\Testcases\implicitwait.robot">
<test id="s1-t1" name="Registertest2" line="5">
<kw name="Open Browser" library="SeleniumLibrary">
<arg>https://demowebshop.tricentis.com/register</arg>
<arg>chrome</arg>
<doc>Opens a new browser instance to the optional ``url``.</doc>
<msg timestamp="20230803 22:07:11.753" level="INFO">Opening browser 'chrome' to base url 'https://demowebshop.tricentis.com/register'.</msg>
<status status="PASS" starttime="20230803 22:07:11.753" endtime="20230803 22:07:14.792"/>
</kw>
<kw name="Maximize Browser Window" library="SeleniumLibrary">
<doc>Maximizes current browser window.</doc>
<status status="PASS" starttime="20230803 22:07:14.793" endtime="20230803 22:07:14.923"/>
</kw>
<kw name="Get Selenium Implicit Wait" library="SeleniumLibrary">
<var>${implicittime}</var>
<doc>Gets the implicit wait value used by Selenium.</doc>
<msg timestamp="20230803 22:07:14.924" level="INFO">${implicittime} = 0 seconds</msg>
<status status="PASS" starttime="20230803 22:07:14.924" endtime="20230803 22:07:14.924"/>
</kw>
<kw name="Log To Console" library="BuiltIn">
<arg>${implicittime}</arg>
<doc>Logs the given message to the console.</doc>
<status status="PASS" starttime="20230803 22:07:14.924" endtime="20230803 22:07:14.928"/>
</kw>
<kw name="Set Selenium Implicit Wait" library="SeleniumLibrary">
<arg>10 seconds</arg>
<doc>Sets the implicit wait value used by Selenium.</doc>
<status status="PASS" starttime="20230803 22:07:14.928" endtime="20230803 22:07:14.928"/>
</kw>
<kw name="Get Selenium Implicit Wait" library="SeleniumLibrary">
<var>${implicittime}</var>
<doc>Gets the implicit wait value used by Selenium.</doc>
<msg timestamp="20230803 22:07:14.928" level="INFO">${implicittime} = 10 seconds</msg>
<status status="PASS" starttime="20230803 22:07:14.928" endtime="20230803 22:07:14.928"/>
</kw>
<kw name="Log To Console" library="BuiltIn">
<arg>${implicittime}</arg>
<doc>Logs the given message to the console.</doc>
<status status="PASS" starttime="20230803 22:07:14.928" endtime="20230803 22:07:14.928"/>
</kw>
<kw name="Select Radio Button" library="SeleniumLibrary">
<arg>Gender</arg>
<arg>M</arg>
<doc>Sets the radio button group ``group_name`` to ``value``.</doc>
<msg timestamp="20230803 22:07:14.928" level="INFO">Selecting 'M' from radio button 'Gender'.</msg>
<status status="PASS" starttime="20230803 22:07:14.928" endtime="20230803 22:07:15.066"/>
</kw>
<kw name="Input Text" library="SeleniumLibrary">
<arg>name:FirstName1</arg>
<arg>inderdeep</arg>
<doc>Types the given ``text`` into the text field identified by ``locator``.</doc>
<msg timestamp="20230803 22:07:15.066" level="INFO">Typing text 'inderdeep' into text field 'name:FirstName1'.</msg>
<msg timestamp="20230803 22:07:23.099" level="WARN">Keyword 'Capture Page Screenshot' could not be run on failure: Message: no such window: target window already closed
from unknown error: web view not found
  (Session info: chrome=115.0.5790.110)
Stacktrace:
Backtrace:
	GetHandleVerifier [0x00007FF762A93E62+57250]
	(No symbol) [0x00007FF762A0BC02]
	(No symbol) [0x00007FF7628DE0BB]
	(No symbol) [0x00007FF7628BDD39]
	(No symbol) [0x00007FF76293ABF7]
	(No symbol) [0x00007FF76294D9DF]
	(No symbol) [0x00007FF762936583]
	(No symbol) [0x00007FF76290CC71]
	(No symbol) [0x00007FF76290DE54]
	GetHandleVerifier [0x00007FF762D44CF2+2879026]
	GetHandleVerifier [0x00007FF762D96F30+3215472]
	GetHandleVerifier [0x00007FF762D8FD4F+3186319]
	GetHandleVerifier [0x00007FF762B25505+652869]
	(No symbol) [0x00007FF762A17518]
	(No symbol) [0x00007FF762A135F4]
	(No symbol) [0x00007FF762A136EC]
	(No symbol) [0x00007FF762A038E3]
	BaseThreadInitThunk [0x00007FF9688326AD+29]
	RtlUserThreadStart [0x00007FF969BAAA68+40]
</msg>
<msg timestamp="20230803 22:07:23.103" level="FAIL">Element with locator 'name:FirstName1' not found.</msg>
<status status="FAIL" starttime="20230803 22:07:15.066" endtime="20230803 22:07:23.215"/>
</kw>
<kw name="Input Text" library="SeleniumLibrary">
<arg>name:LastName</arg>
<arg>singh</arg>
<doc>Types the given ``text`` into the text field identified by ``locator``.</doc>
<status status="NOT RUN" starttime="20230803 22:07:23.215" endtime="20230803 22:07:23.220"/>
</kw>
<kw name="Input Text" library="SeleniumLibrary">
<arg>name:Email</arg>
<arg>abc@gamil.com</arg>
<doc>Types the given ``text`` into the text field identified by ``locator``.</doc>
<status status="NOT RUN" starttime="20230803 22:07:23.220" endtime="20230803 22:07:23.220"/>
</kw>
<kw name="Input Text" library="SeleniumLibrary">
<arg>name:Password</arg>
<arg>inderdeep@1</arg>
<doc>Types the given ``text`` into the text field identified by ``locator``.</doc>
<status status="NOT RUN" starttime="20230803 22:07:23.220" endtime="20230803 22:07:23.220"/>
</kw>
<kw name="Input Text" library="SeleniumLibrary">
<arg>name:ConfirmPassword</arg>
<arg>inderdeep@1</arg>
<doc>Types the given ``text`` into the text field identified by ``locator``.</doc>
<status status="NOT RUN" starttime="20230803 22:07:23.220" endtime="20230803 22:07:23.220"/>
</kw>
<status status="FAIL" starttime="20230803 22:07:11.753" endtime="20230803 22:07:23.220">Element with locator 'name:FirstName1' not found.</status>
</test>
<status status="FAIL" starttime="20230803 22:07:11.500" endtime="20230803 22:07:23.222"/>
</suite>
<statistics>
<total>
<stat pass="0" fail="1" skip="0">All Tests</stat>
</total>
<tag>
</tag>
<suite>
<stat pass="0" fail="1" skip="0" id="s1" name="Implicitwait">Implicitwait</stat>
</suite>
</statistics>
<errors>
<msg timestamp="20230803 22:07:23.099" level="WARN">Keyword 'Capture Page Screenshot' could not be run on failure: Message: no such window: target window already closed
from unknown error: web view not found
  (Session info: chrome=115.0.5790.110)
Stacktrace:
Backtrace:
	GetHandleVerifier [0x00007FF762A93E62+57250]
	(No symbol) [0x00007FF762A0BC02]
	(No symbol) [0x00007FF7628DE0BB]
	(No symbol) [0x00007FF7628BDD39]
	(No symbol) [0x00007FF76293ABF7]
	(No symbol) [0x00007FF76294D9DF]
	(No symbol) [0x00007FF762936583]
	(No symbol) [0x00007FF76290CC71]
	(No symbol) [0x00007FF76290DE54]
	GetHandleVerifier [0x00007FF762D44CF2+2879026]
	GetHandleVerifier [0x00007FF762D96F30+3215472]
	GetHandleVerifier [0x00007FF762D8FD4F+3186319]
	GetHandleVerifier [0x00007FF762B25505+652869]
	(No symbol) [0x00007FF762A17518]
	(No symbol) [0x00007FF762A135F4]
	(No symbol) [0x00007FF762A136EC]
	(No symbol) [0x00007FF762A038E3]
	BaseThreadInitThunk [0x00007FF9688326AD+29]
	RtlUserThreadStart [0x00007FF969BAAA68+40]
</msg>
</errors>
</robot>
