<?xml version="1.0" encoding="UTF-8"?>
<robot generator="Robot 6.1.1 (Python 3.11.4 on win32)" generated="20230802 23:33:06.250" rpa="false" schemaversion="4">
<suite id="s1" name="Tabbedwindows" source="C:\nancyProject\Testcases\tabbedwindows.robot">
<test id="s1-t1" name="tabbedwindowtest" line="5">
<kw name="Open Browser" library="SeleniumLibrary">
<arg>https://demo.automationtesting.in/Windows.html</arg>
<arg>chrome</arg>
<doc>Opens a new browser instance to the optional ``url``.</doc>
<msg timestamp="20230802 23:33:06.716" level="INFO">Opening browser 'chrome' to base url 'https://demo.automationtesting.in/Windows.html'.</msg>
<status status="PASS" starttime="20230802 23:33:06.710" endtime="20230802 23:33:13.503"/>
</kw>
<kw name="Click Element" library="SeleniumLibrary">
<arg>xpath://*[@id="Tabbed"]/a/button</arg>
<doc>Click the element identified by ``locator``.</doc>
<msg timestamp="20230802 23:33:13.510" level="INFO">Clicking element 'xpath://*[@id="Tabbed"]/a/button'.</msg>
<status status="PASS" starttime="20230802 23:33:13.506" endtime="20230802 23:33:13.683"/>
</kw>
<status status="PASS" starttime="20230802 23:33:06.710" endtime="20230802 23:33:13.683"/>
</test>
<status status="PASS" starttime="20230802 23:33:06.254" endtime="20230802 23:33:13.686"/>
</suite>
<statistics>
<total>
<stat pass="1" fail="0" skip="0">All Tests</stat>
</total>
<tag>
</tag>
<suite>
<stat pass="1" fail="0" skip="0" id="s1" name="Tabbedwindows">Tabbedwindows</stat>
</suite>
</statistics>
<errors>
</errors>
</robot>
